This is pdfTeX, Version 3.141592653-2.6-1.40.25 (TeX Live 2023) (preloaded format=pdflatex 2023.12.5)  5 SEP 2024 10:27
entering extended mode
 restricted \write18 enabled.
 file:line:error style messages enabled.
 %&-line parsing enabled.
**File.tex
(./File.tex
LaTeX2e <2022-11-01> patch level 1
L3 programming layer <2023-02-22>
(/usr/local/texlive/2023/texmf-dist/tex/latex/base/report.cls
Document Class: report 2022/07/02 v1.4n Standard LaTeX document class
(/usr/local/texlive/2023/texmf-dist/tex/latex/base/size12.clo
File: size12.clo 2022/07/02 v1.4n Standard LaTeX file (size option)
)
\c@part=\count185
\c@chapter=\count186
\c@section=\count187
\c@subsection=\count188
\c@subsubsection=\count189
\c@paragraph=\count190
\c@subparagraph=\count191
\c@figure=\count192
\c@table=\count193
\abovecaptionskip=\skip48
\belowcaptionskip=\skip49
\bibindent=\dimen140
)
(/usr/local/texlive/2023/texmf-dist/tex/latex/graphics/graphicx.sty
Package: graphicx 2021/09/16 v1.2d Enhanced LaTeX Graphics (DPC,SPQR)

(/usr/local/texlive/2023/texmf-dist/tex/latex/graphics/keyval.sty
Package: keyval 2022/05/29 v1.15 key=value parser (DPC)
\KV@toks@=\toks16
)
(/usr/local/texlive/2023/texmf-dist/tex/latex/graphics/graphics.sty
Package: graphics 2022/03/10 v1.4e Standard LaTeX Graphics (DPC,SPQR)

(/usr/local/texlive/2023/texmf-dist/tex/latex/graphics/trig.sty
Package: trig 2021/08/11 v1.11 sin cos tan (DPC)
)
(/usr/local/texlive/2023/texmf-dist/tex/latex/graphics-cfg/graphics.cfg
File: graphics.cfg 2016/06/04 v1.11 sample graphics configuration
)
Package graphics Info: Driver file: pdftex.def on input line 107.

(/usr/local/texlive/2023/texmf-dist/tex/latex/graphics-def/pdftex.def
File: pdftex.def 2022/09/22 v1.2b Graphics/color driver for pdftex
))
\Gin@req@height=\dimen141
\Gin@req@width=\dimen142
)
(/usr/local/texlive/2023/texmf-dist/tex/latex/hyperref/hyperref.sty
Package: hyperref 2023-02-07 v7.00v Hypertext links for LaTeX

(/usr/local/texlive/2023/texmf-dist/tex/generic/ltxcmds/ltxcmds.sty
Package: ltxcmds 2020-05-10 v1.25 LaTeX kernel commands for general use (HO)
)
(/usr/local/texlive/2023/texmf-dist/tex/generic/iftex/iftex.sty
Package: iftex 2022/02/03 v1.0f TeX engine tests
)
(/usr/local/texlive/2023/texmf-dist/tex/generic/pdftexcmds/pdftexcmds.sty
Package: pdftexcmds 2020-06-27 v0.33 Utility functions of pdfTeX for LuaTeX (HO
)

(/usr/local/texlive/2023/texmf-dist/tex/generic/infwarerr/infwarerr.sty
Package: infwarerr 2019/12/03 v1.5 Providing info/warning/error messages (HO)
)
Package pdftexcmds Info: \pdf@primitive is available.
Package pdftexcmds Info: \pdf@ifprimitive is available.
Package pdftexcmds Info: \pdfdraftmode found.
)
(/usr/local/texlive/2023/texmf-dist/tex/latex/kvsetkeys/kvsetkeys.sty
Package: kvsetkeys 2022-10-05 v1.19 Key value parser (HO)
)
(/usr/local/texlive/2023/texmf-dist/tex/generic/kvdefinekeys/kvdefinekeys.sty
Package: kvdefinekeys 2019-12-19 v1.6 Define keys (HO)
)
(/usr/local/texlive/2023/texmf-dist/tex/generic/pdfescape/pdfescape.sty
Package: pdfescape 2019/12/09 v1.15 Implements pdfTeX's escape features (HO)
)
(/usr/local/texlive/2023/texmf-dist/tex/latex/hycolor/hycolor.sty
Package: hycolor 2020-01-27 v1.10 Color options for hyperref/bookmark (HO)
)
(/usr/local/texlive/2023/texmf-dist/tex/latex/letltxmacro/letltxmacro.sty
Package: letltxmacro 2019/12/03 v1.6 Let assignment for LaTeX macros (HO)
)
(/usr/local/texlive/2023/texmf-dist/tex/latex/auxhook/auxhook.sty
Package: auxhook 2019-12-17 v1.6 Hooks for auxiliary files (HO)
)
(/usr/local/texlive/2023/texmf-dist/tex/latex/hyperref/nameref.sty
Package: nameref 2022-05-17 v2.50 Cross-referencing by name of section

(/usr/local/texlive/2023/texmf-dist/tex/latex/refcount/refcount.sty
Package: refcount 2019/12/15 v3.6 Data extraction from label references (HO)
)
(/usr/local/texlive/2023/texmf-dist/tex/generic/gettitlestring/gettitlestring.s
ty
Package: gettitlestring 2019/12/15 v1.6 Cleanup title references (HO)
 (/usr/local/texlive/2023/texmf-dist/tex/latex/kvoptions/kvoptions.sty
Package: kvoptions 2022-06-15 v3.15 Key value format for package options (HO)
))
\c@section@level=\count194
)
\@linkdim=\dimen143
\Hy@linkcounter=\count195
\Hy@pagecounter=\count196

(/usr/local/texlive/2023/texmf-dist/tex/latex/hyperref/pd1enc.def
File: pd1enc.def 2023-02-07 v7.00v Hyperref: PDFDocEncoding definition (HO)
Now handling font encoding PD1 ...
... no UTF-8 mapping file for font encoding PD1
)
(/usr/local/texlive/2023/texmf-dist/tex/generic/intcalc/intcalc.sty
Package: intcalc 2019/12/15 v1.3 Expandable calculations with integers (HO)
)
(/usr/local/texlive/2023/texmf-dist/tex/generic/etexcmds/etexcmds.sty
Package: etexcmds 2019/12/15 v1.7 Avoid name clashes with e-TeX commands (HO)
)
\Hy@SavedSpaceFactor=\count197

(/usr/local/texlive/2023/texmf-dist/tex/latex/hyperref/puenc.def
File: puenc.def 2023-02-07 v7.00v Hyperref: PDF Unicode definition (HO)
Now handling font encoding PU ...
... no UTF-8 mapping file for font encoding PU
)
Package hyperref Info: Hyper figures OFF on input line 4177.
Package hyperref Info: Link nesting OFF on input line 4182.
Package hyperref Info: Hyper index ON on input line 4185.
Package hyperref Info: Plain pages OFF on input line 4192.
Package hyperref Info: Backreferencing OFF on input line 4197.
Package hyperref Info: Implicit mode ON; LaTeX internals redefined.
Package hyperref Info: Bookmarks ON on input line 4425.
\c@Hy@tempcnt=\count198

(/usr/local/texlive/2023/texmf-dist/tex/latex/url/url.sty
\Urlmuskip=\muskip16
Package: url 2013/09/16  ver 3.4  Verb mode for urls, etc.
)
LaTeX Info: Redefining \url on input line 4763.
\XeTeXLinkMargin=\dimen144

(/usr/local/texlive/2023/texmf-dist/tex/generic/bitset/bitset.sty
Package: bitset 2019/12/09 v1.3 Handle bit-vector datatype (HO)

(/usr/local/texlive/2023/texmf-dist/tex/generic/bigintcalc/bigintcalc.sty
Package: bigintcalc 2019/12/15 v1.5 Expandable calculations on big integers (HO
)
))
\Fld@menulength=\count199
\Field@Width=\dimen145
\Fld@charsize=\dimen146
Package hyperref Info: Hyper figures OFF on input line 6042.
Package hyperref Info: Link nesting OFF on input line 6047.
Package hyperref Info: Hyper index ON on input line 6050.
Package hyperref Info: backreferencing OFF on input line 6057.
Package hyperref Info: Link coloring OFF on input line 6062.
Package hyperref Info: Link coloring with OCG OFF on input line 6067.
Package hyperref Info: PDF/A mode OFF on input line 6072.

(/usr/local/texlive/2023/texmf-dist/tex/latex/base/atbegshi-ltx.sty
Package: atbegshi-ltx 2021/01/10 v1.0c Emulation of the original atbegshi
package with kernel methods
)
\Hy@abspage=\count266
\c@Item=\count267
\c@Hfootnote=\count268
)
Package hyperref Info: Driver (autodetected): hpdftex.

(/usr/local/texlive/2023/texmf-dist/tex/latex/hyperref/hpdftex.def
File: hpdftex.def 2023-02-07 v7.00v Hyperref driver for pdfTeX

(/usr/local/texlive/2023/texmf-dist/tex/latex/base/atveryend-ltx.sty
Package: atveryend-ltx 2020/08/19 v1.0a Emulation of the original atveryend pac
kage
with kernel methods
)
\Fld@listcount=\count269
\c@bookmark@seq@number=\count270

(/usr/local/texlive/2023/texmf-dist/tex/latex/rerunfilecheck/rerunfilecheck.sty
Package: rerunfilecheck 2022-07-10 v1.10 Rerun checks for auxiliary files (HO)

(/usr/local/texlive/2023/texmf-dist/tex/generic/uniquecounter/uniquecounter.sty
Package: uniquecounter 2019/12/15 v1.4 Provide unlimited unique counter (HO)
)
Package uniquecounter Info: New unique counter `rerunfilecheck' on input line 2
85.
)
\Hy@SectionHShift=\skip50
) (/usr/local/texlive/2023/texmf-dist/tex/latex/index/index.sty
Package: index 2004/01/20 v4.2beta Improved index support (dmj)
\@indexbox=\insert252
\indexproofstyle=\toks17


LaTeX Warning: Command \markboth  has changed.
               Check if current package is valid.


LaTeX Warning: Command \markright  has changed.
               Check if current package is valid.

) (/usr/local/texlive/2023/texmf-dist/tex/latex/geometry/geometry.sty
Package: geometry 2020/01/02 v5.9 Page Geometry

(/usr/local/texlive/2023/texmf-dist/tex/generic/iftex/ifvtex.sty
Package: ifvtex 2019/10/25 v1.7 ifvtex legacy package. Use iftex instead.
)
\Gm@cnth=\count271
\Gm@cntv=\count272
\c@Gm@tempcnt=\count273
\Gm@bindingoffset=\dimen147
\Gm@wd@mp=\dimen148
\Gm@odd@mp=\dimen149
\Gm@even@mp=\dimen150
\Gm@layoutwidth=\dimen151
\Gm@layoutheight=\dimen152
\Gm@layouthoffset=\dimen153
\Gm@layoutvoffset=\dimen154
\Gm@dimlist=\toks18
)
(/usr/local/texlive/2023/texmf-dist/tex/latex/titlesec/titlesec.sty
Package: titlesec 2021/07/05 v2.14 Sectioning titles
\ttl@box=\box51
\beforetitleunit=\skip51
\aftertitleunit=\skip52
\ttl@plus=\dimen155
\ttl@minus=\dimen156
\ttl@toksa=\toks19
\titlewidth=\dimen157
\titlewidthlast=\dimen158
\titlewidthfirst=\dimen159
)
(/usr/local/texlive/2023/texmf-dist/tex/latex/caption/subcaption.sty
Package: subcaption 2023/02/19 v1.6 Sub-captions (AR)

(/usr/local/texlive/2023/texmf-dist/tex/latex/caption/caption.sty
Package: caption 2023/03/12 v3.6j Customizing captions (AR)

(/usr/local/texlive/2023/texmf-dist/tex/latex/caption/caption3.sty
Package: caption3 2023/03/12 v2.4 caption3 kernel (AR)
\caption@tempdima=\dimen160
\captionmargin=\dimen161
\caption@leftmargin=\dimen162
\caption@rightmargin=\dimen163
\caption@width=\dimen164
\caption@indent=\dimen165
\caption@parindent=\dimen166
\caption@hangindent=\dimen167
Package caption Info: Standard document class detected.
)
\c@caption@flags=\count274
\c@continuedfloat=\count275
Package caption Info: hyperref package is loaded.
)
Package caption Info: New subtype `subfigure' on input line 239.
\c@subfigure=\count276
Package caption Info: New subtype `subtable' on input line 239.
\c@subtable=\count277
)
(/usr/local/texlive/2023/texmf-dist/tex/latex/setspace/setspace.sty
Package: setspace 2022/12/04 v6.7b set line spacing
)
\idxtitle@main=\toks20
\tf@main=\write3
\openout3 = `File.idx'.

Package index Info: Writing index file File.idx on input line 34.

(/usr/local/texlive/2023/texmf-dist/tex/latex/l3backend/l3backend-pdftex.def
File: l3backend-pdftex.def 2023-01-16 L3 backend support: PDF output (pdfTeX)
\l__color_backend_stack_int=\count278
\l__pdf_internal_box=\box52
)
(./File.aux

LaTeX Warning: Label `fig:image' multiply defined.


LaTeX Warning: Label `fig:image' multiply defined.


LaTeX Warning: Label `fig:image' multiply defined.

)
\openout1 = `File.aux'.

LaTeX Font Info:    Checking defaults for OML/cmm/m/it on input line 36.
LaTeX Font Info:    ... okay on input line 36.
LaTeX Font Info:    Checking defaults for OMS/cmsy/m/n on input line 36.
LaTeX Font Info:    ... okay on input line 36.
LaTeX Font Info:    Checking defaults for OT1/cmr/m/n on input line 36.
LaTeX Font Info:    ... okay on input line 36.
LaTeX Font Info:    Checking defaults for T1/cmr/m/n on input line 36.
LaTeX Font Info:    ... okay on input line 36.
LaTeX Font Info:    Checking defaults for TS1/cmr/m/n on input line 36.
LaTeX Font Info:    ... okay on input line 36.
LaTeX Font Info:    Checking defaults for OMX/cmex/m/n on input line 36.
LaTeX Font Info:    ... okay on input line 36.
LaTeX Font Info:    Checking defaults for U/cmr/m/n on input line 36.
LaTeX Font Info:    ... okay on input line 36.
LaTeX Font Info:    Checking defaults for PD1/pdf/m/n on input line 36.
LaTeX Font Info:    ... okay on input line 36.
LaTeX Font Info:    Checking defaults for PU/pdf/m/n on input line 36.
LaTeX Font Info:    ... okay on input line 36.
 (/usr/local/texlive/2023/texmf-dist/tex/context/base/mkii/supp-pdf.mkii
[Loading MPS to PDF converter (version 2006.09.02).]
\scratchcounter=\count279
\scratchdimen=\dimen168
\scratchbox=\box53
\nofMPsegments=\count280
\nofMParguments=\count281
\everyMPshowfont=\toks21
\MPscratchCnt=\count282
\MPscratchDim=\dimen169
\MPnumerator=\count283
\makeMPintoPDFobject=\count284
\everyMPtoPDFconversion=\toks22
) (/usr/local/texlive/2023/texmf-dist/tex/latex/epstopdf-pkg/epstopdf-base.sty
Package: epstopdf-base 2020-01-24 v2.11 Base part for package epstopdf
Package epstopdf-base Info: Redefining graphics rule for `.eps' on input line 4
85.

(/usr/local/texlive/2023/texmf-dist/tex/latex/latexconfig/epstopdf-sys.cfg
File: epstopdf-sys.cfg 2010/07/13 v1.3 Configuration of (r)epstopdf for TeX Liv
e
))
Package hyperref Info: Link coloring OFF on input line 36.

(./File.out) (./File.out)
\@outlinefile=\write4
\openout4 = `File.out'.


*geometry* driver: auto-detecting
*geometry* detected driver: pdftex
*geometry* verbose mode - [ preamble ] result:
* driver: pdftex
* paper: a4paper
* layout: <same size as paper>
* layoutoffset:(h,v)=(0.0pt,0.0pt)
* modes: 
* h-part:(L,W,R)=(72.26999pt, 452.9679pt, 72.26999pt)
* v-part:(T,H,B)=(72.26999pt, 700.50687pt, 72.26999pt)
* \paperwidth=597.50787pt
* \paperheight=845.04684pt
* \textwidth=452.9679pt
* \textheight=700.50687pt
* \oddsidemargin=0.0pt
* \evensidemargin=0.0pt
* \topmargin=-37.0pt
* \headheight=12.0pt
* \headsep=25.0pt
* \topskip=12.0pt
* \footskip=30.0pt
* \marginparwidth=35.0pt
* \marginparsep=10.0pt
* \columnsep=10.0pt
* \skip\footins=10.8pt plus 4.0pt minus 2.0pt
* \hoffset=0.0pt
* \voffset=0.0pt
* \mag=1000
* \@twocolumnfalse
* \@twosidefalse
* \@mparswitchfalse
* \@reversemarginfalse
* (1in=72.27pt=25.4mm, 1cm=28.453pt)

Package caption Info: Begin \AtBeginDocument code.
Package caption Info: End \AtBeginDocument code.
[1

{/usr/local/texlive/2023/texmf-var/fonts/map/pdftex/updmap/pdftex.map}]
<../Img/NSUT_logo.png, id=31, 513.92pt x 513.92pt>
File: ../Img/NSUT_logo.png Graphic file (type png)
<use ../Img/NSUT_logo.png>
Package pdftex.def Info: ../Img/NSUT_logo.png  used on input line 49.
(pdftex.def)             Requested size: 181.18439pt x 181.18427pt.
LaTeX Font Info:    External font `cmex10' loaded for size
(Font)              <14.4> on input line 56.
LaTeX Font Info:    External font `cmex10' loaded for size
(Font)              <7> on input line 56.

Underfull \hbox (badness 10000) in paragraph at lines 66--67

 []


Underfull \hbox (badness 10000) in paragraph at lines 70--71

 []


Underfull \hbox (badness 10000) in paragraph at lines 74--75

 []

[2 <../Img/NSUT_logo.png>] (./File.toc
LaTeX Font Info:    External font `cmex10' loaded for size
(Font)              <12> on input line 1.
LaTeX Font Info:    External font `cmex10' loaded for size
(Font)              <8> on input line 1.
LaTeX Font Info:    External font `cmex10' loaded for size
(Font)              <6> on input line 1.
)
\tf@toc=\write5
\openout5 = `File.toc'.


pdfTeX warning (ext4): destination with the same identifier (name{page.1}) has 
been already used, duplicate ignored
<to be read again> 
                   \relax 
l.84 \newpage
              [1

]
<../Img/E1Ckt.jpeg, id=45, 1606.0pt x 1204.5pt>
File: ../Img/E1Ckt.jpeg Graphic file (type jpg)
<use ../Img/E1Ckt.jpeg>
Package pdftex.def Info: ../Img/E1Ckt.jpeg  used on input line 123.
(pdftex.def)             Requested size: 226.48395pt x 169.86024pt.

pdfTeX warning (ext4): destination with the same identifier (name{page.2}) has 
been already used, duplicate ignored
<to be read again> 
                   \relax 
l.129     \newpage
                   [2{/usr/local/texlive/2023/texmf-dist/fonts/enc/dvips/cm-sup
er/cm-super-ts1.enc} <../Img/E1Ckt.jpeg>]
<../Img/E1Tran.jpeg, id=54, 1380.15625pt x 746.79pt>
File: ../Img/E1Tran.jpeg Graphic file (type jpg)
<use ../Img/E1Tran.jpeg>
Package pdftex.def Info: ../Img/E1Tran.jpeg  used on input line 134.
(pdftex.def)             Requested size: 362.37569pt x 196.07518pt.
 [3 <../Img/E1Tran.jpeg>]
<../Img/E2Ckt.png, id=59, 991.705pt x 920.43875pt>
File: ../Img/E2Ckt.png Graphic file (type png)
<use ../Img/E2Ckt.png>
Package pdftex.def Info: ../Img/E2Ckt.png  used on input line 180.
(pdftex.def)             Requested size: 226.48395pt x 210.20772pt.
 [4 <../Img/E2Ckt.png>]
<../Img/E2ACOp.png, id=70, 544.0325pt x 382.42876pt>
File: ../Img/E2ACOp.png Graphic file (type png)
<use ../Img/E2ACOp.png>
Package pdftex.def Info: ../Img/E2ACOp.png  used on input line 191.
(pdftex.def)             Requested size: 217.42265pt x 152.84041pt.
<../Img/E2Tran.png, id=71, 547.04375pt x 387.4475pt>
File: ../Img/E2Tran.png Graphic file (type png)
<use ../Img/E2Tran.png>
Package pdftex.def Info: ../Img/E2Tran.png  used on input line 196.
(pdftex.def)             Requested size: 217.42265pt x 153.98895pt.
 [5 <../Img/E2ACOp.png> <../Img/E2Tran.png>]
<../Img/E3Ckt.png, id=80, 1330.9725pt x 816.04875pt>
File: ../Img/E3Ckt.png Graphic file (type png)
<use ../Img/E3Ckt.png>
Package pdftex.def Info: ../Img/E3Ckt.png  used on input line 244.
(pdftex.def)             Requested size: 226.48395pt x 138.85097pt.
 [6 <../Img/E3Ckt.png>]
<../Img/E3OP.png, id=90, 547.04375pt x 389.455pt>
File: ../Img/E3OP.png Graphic file (type png)
<use ../Img/E3OP.png>
Package pdftex.def Info: ../Img/E3OP.png  used on input line 255.
(pdftex.def)             Requested size: 362.37569pt x 257.98596pt.

[7 <../Img/E3OP.png>]
<../Img/E4Ckt.png, id=96, 861.2175pt x 635.37375pt>
File: ../Img/E4Ckt.png Graphic file (type png)
<use ../Img/E4Ckt.png>
Package pdftex.def Info: ../Img/E4Ckt.png  used on input line 297.
(pdftex.def)             Requested size: 226.48395pt x 167.09349pt.
 [8 <../Img/E4Ckt.png>]
<../Img/E4Op.png, id=103, 550.055pt x 390.45876pt>
File: ../Img/E4Op.png Graphic file (type png)
<use ../Img/E4Op.png>
Package pdftex.def Info: ../Img/E4Op.png  used on input line 308.
(pdftex.def)             Requested size: 362.37569pt x 257.23885pt.
 [9 <../Img/E4Op.png>]
Underfull \hbox (badness 10000) in paragraph at lines 346--351

 []


Underfull \hbox (badness 10000) in paragraph at lines 346--351

 []


Underfull \hbox (badness 10000) in paragraph at lines 346--351

 []


Underfull \hbox (badness 10000) in paragraph at lines 353--358

 []


Underfull \hbox (badness 10000) in paragraph at lines 353--358

 []


Underfull \hbox (badness 10000) in paragraph at lines 353--358

 []

[10]
Underfull \hbox (badness 10000) in paragraph at lines 360--365

 []


Underfull \hbox (badness 10000) in paragraph at lines 360--365

 []


Underfull \hbox (badness 10000) in paragraph at lines 360--365

 []


Underfull \hbox (badness 10000) in paragraph at lines 367--372

 []


Underfull \hbox (badness 10000) in paragraph at lines 367--372

 []


Overfull \hbox (7.78647pt too wide) in paragraph at lines 367--372
\OT1/cmr/bx/n/12 Applications: \OT1/cmr/m/n/12 Used in cir-cuits re-quir-ing pr
e-cise cur-rent con-trol, such as in tran-simpedance
 []


Underfull \hbox (badness 10000) in paragraph at lines 367--372

 []

<../Img/E5VCVS.png, id=118, 645.41125pt x 415.5525pt>
File: ../Img/E5VCVS.png Graphic file (type png)
<use ../Img/E5VCVS.png>
Package pdftex.def Info: ../Img/E5VCVS.png  used on input line 390.
(pdftex.def)             Requested size: 203.83417pt x 131.2358pt.
<../Img/E5CCVS.png, id=119, 689.57625pt x 476.78125pt>
File: ../Img/E5CCVS.png Graphic file (type png)
<use ../Img/E5CCVS.png>
Package pdftex.def Info: ../Img/E5CCVS.png  used on input line 396.
(pdftex.def)             Requested size: 203.83417pt x 140.93297pt.
<../Img/E5CCCS.png, id=120, 613.29124pt x 433.62pt>
File: ../Img/E5CCCS.png Graphic file (type png)
<use ../Img/E5CCCS.png>
Package pdftex.def Info: ../Img/E5CCCS.png  used on input line 404.
(pdftex.def)             Requested size: 203.83417pt x 144.11398pt.
<../Img/E5VCCS.png, id=121, 675.52374pt x 446.66875pt>
File: ../Img/E5VCCS.png Graphic file (type png)
<use ../Img/E5VCCS.png>
Package pdftex.def Info: ../Img/E5VCCS.png  used on input line 410.
(pdftex.def)             Requested size: 203.83417pt x 134.77863pt.
[11] [12 <../Img/E5VCVS.png> <../Img/E5CCVS.png> <../Img/E5CCCS.png> <../Img/E5
VCCS.png>]
<../Img/E5OpVCVS.png, id=136, 551.05875pt x 391.4625pt>
File: ../Img/E5OpVCVS.png Graphic file (type png)
<use ../Img/E5OpVCVS.png>
Package pdftex.def Info: ../Img/E5OpVCVS.png  used on input line 423.
(pdftex.def)             Requested size: 203.83417pt x 144.79704pt.
<../Img/E5OpCCVS.png, id=137, 551.05875pt x 389.455pt>
File: ../Img/E5OpCCVS.png Graphic file (type png)
<use ../Img/E5OpCCVS.png>
Package pdftex.def Info: ../Img/E5OpCCVS.png  used on input line 429.
(pdftex.def)             Requested size: 203.83417pt x 144.05449pt.
<../Img/E5OpCCCS.png, id=138, 668.4975pt x 428.60126pt>
File: ../Img/E5OpCCCS.png Graphic file (type png)
<use ../Img/E5OpCCCS.png>
Package pdftex.def Info: ../Img/E5OpCCCS.png  used on input line 437.
(pdftex.def)             Requested size: 203.83417pt x 130.68721pt.
<../Img/E5OpVCCS.png, id=139, 549.05125pt x 385.44pt>
File: ../Img/E5OpVCCS.png Graphic file (type png)
<use ../Img/E5OpVCCS.png>
Package pdftex.def Info: ../Img/E5OpVCCS.png  used on input line 443.
(pdftex.def)             Requested size: 203.83417pt x 143.09283pt.
 [13 <../Img/E5OpVCVS.png> <../Img/E5OpCCVS.png> <../Img/E5OpCCCS.png> <../Img/
E5OpVCCS.png>] (./File.aux)

LaTeX Warning: There were multiply-defined labels.

Package rerunfilecheck Info: File `File.out' has not changed.
(rerunfilecheck)             Checksum: 97023E0A7624E181E80D10DC596CDA21;559.
 ) 
Here is how much of TeX's memory you used:
 10686 strings out of 476025
 175485 string characters out of 5790017
 1858388 words of memory out of 5000000
 30979 multiletter control sequences out of 15000+600000
 517793 words of font info for 50 fonts, out of 8000000 for 9000
 1141 hyphenation exceptions out of 8191
 75i,9n,77p,479b,503s stack positions out of 10000i,1000n,20000p,200000b,200000s
</usr/local/texlive/2023/texmf-dist/fonts/type1/public/amsfonts/cm/cmbx12.pfb
></usr/local/texlive/2023/texmf-dist/fonts/type1/public/amsfonts/cm/cmr10.pfb><
/usr/local/texlive/2023/texmf-dist/fonts/type1/public/amsfonts/cm/cmr12.pfb></u
sr/local/texlive/2023/texmf-dist/fonts/type1/public/amsfonts/cm/cmr17.pfb></usr
/local/texlive/2023/texmf-dist/fonts/type1/public/cm-super/sfrm1200.pfb>
Output written on File.pdf (15 pages, 1091779 bytes).
PDF statistics:
 186 PDF objects out of 1000 (max. 8388607)
 124 compressed objects within 2 object streams
 38 named destinations out of 1000 (max. 500000)
 131 words of extra memory for PDF output out of 10000 (max. 10000000)

